<?xml version="1.0" encoding="UTF-8"?>
<robot generator="Robot 5.0.1 (Python 3.9.13 on win32)" generated="20220824 14:35:51.997" rpa="true" schemaversion="3">
<suite id="s1" name="Tasks" source="c:\Users\samir\OneDrive\Desktop\robocrop-level-2\tasks.robot">
<test id="s1-t1" name="Order robots from RobotSpareBin Industries Inc" line="15">
<kw name="Open the robot order website">
<kw name="Open Available Browser" library="RPA.Browser.Selenium">
<arg>https://robotsparebinindustries.com/#/robot-order</arg>
<doc>Attempts to open a browser on the user's device from a set of
supported browsers. Automatically downloads a corresponding webdriver
if none is already installed.</doc>
<msg timestamp="20220824 14:35:53.278" level="INFO">Creating an instance of the Chrome WebDriver.</msg>
<msg timestamp="20220824 14:35:53.304" level="INFO">Created download root directory: C:\Users\samir\AppData\Local\robocorp\webdrivers</msg>
<msg timestamp="20220824 14:35:53.304" level="INFO">Created symlink directory: C:\Users\samir\AppData\Local\robocorp\webdrivers</msg>
<msg timestamp="20220824 14:35:53.304" level="INFO">Creating an instance of the Chrome WebDriver.</msg>
<msg timestamp="20220824 14:35:54.378" level="INFO">Created Chrome browser with arguments: --disable-dev-shm-usage --disable-web-security --allow-running-insecure-content --no-sandbox</msg>
<msg timestamp="20220824 14:35:54.378" level="INFO" html="true">&lt;p&gt;Attempted combinations:&lt;/p&gt;&lt;div class="doc"&gt;&lt;table&gt;&lt;tr&gt;&lt;th&gt;Browser&lt;/th&gt;&lt;th&gt;Download&lt;/th&gt;&lt;th&gt;Error&lt;/th&gt;&lt;/tr&gt;&lt;tr&gt;&lt;td&gt;Chrome&lt;/td&gt;&lt;td&gt;False&lt;/td&gt;&lt;td&gt;Message: 'chromedriver' executable needs to be in PATH. Please see https://sites.google.com/a/chromium.org/chromedriver/home
&lt;/td&gt;&lt;/tr&gt;&lt;tr&gt;&lt;td&gt;Chrome&lt;/td&gt;&lt;td&gt;True&lt;/td&gt;&lt;td&gt;&lt;/td&gt;&lt;/tr&gt;&lt;/table&gt;&lt;/div&gt;</msg>
<msg timestamp="20220824 14:35:54.378" level="INFO">Opening url 'https://robotsparebinindustries.com/#/robot-order'</msg>
<status status="PASS" starttime="20220824 14:35:53.277" endtime="20220824 14:35:54.869"/>
</kw>
<status status="PASS" starttime="20220824 14:35:53.277" endtime="20220824 14:35:54.870"/>
</kw>
<kw name="Get orders">
<var>${orders}</var>
<kw name="Download" library="RPA.HTTP">
<arg>https://robotsparebinindustries.com/orders.csv</arg>
<arg>overwrite=True</arg>
<doc>An alias for the ``HTTP Get`` keyword.</doc>
<msg timestamp="20220824 14:35:54.871" level="INFO">Creating a new HTTP session</msg>
<msg timestamp="20220824 14:35:54.871" level="INFO">Creating Session using : alias=rpasession_alias.httpsrobotsparebinindustries.com, url=https://robotsparebinindustries.com, headers={},                     cookies={}, auth=None, timeout=None, proxies=None, verify=True,                     debug=0 </msg>
<status status="PASS" starttime="20220824 14:35:54.871" endtime="20220824 14:35:55.146"/>
</kw>
<kw name="Read table from CSV" library="RPA.Tables">
<arg>orders.csv</arg>
<arg>header=True</arg>
<doc>Read a CSV file as a table.</doc>
<status status="PASS" starttime="20220824 14:35:55.147" endtime="20220824 14:35:55.149"/>
</kw>
<msg timestamp="20220824 14:35:55.149" level="INFO">${orders} = None</msg>
<status status="PASS" starttime="20220824 14:35:54.870" endtime="20220824 14:35:55.149"/>
</kw>
<kw name="Log" library="BuiltIn">
<arg>${orders}</arg>
<doc>Logs the given message with the given level.</doc>
<msg timestamp="20220824 14:35:55.150" level="INFO">None</msg>
<status status="PASS" starttime="20220824 14:35:55.150" endtime="20220824 14:35:55.150"/>
</kw>
<status status="PASS" starttime="20220824 14:35:53.276" endtime="20220824 14:35:55.151"/>
</test>
<doc>Orders robots from RobotSpareBin Industries Inc.
Saves the order HTML receipt as a PDF file.
Saves the screenshot of the ordered robot.
Embeds the screenshot of the robot to the PDF receipt.
Creates ZIP archive of the receipts and the images.</doc>
<status status="PASS" starttime="20220824 14:35:52.007" endtime="20220824 14:35:55.152"/>
</suite>
<statistics>
<total>
<stat pass="1" fail="0" skip="0">All Tasks</stat>
</total>
<tag>
</tag>
<suite>
<stat pass="1" fail="0" skip="0" id="s1" name="Tasks">Tasks</stat>
</suite>
</statistics>
<errors>
</errors>
</robot>
